[INFO] Scanning for projects...
[INFO] 
[INFO] -----------------------< uk.gov.gchq.gaffer:ui >------------------------
[INFO] Building ui 1.8.4-SNAPSHOT
[INFO] --------------------------------[ war ]---------------------------------
[INFO] 
[INFO] --- maven-clean-plugin:2.5:clean (default-clean) @ ui ---
[INFO] Deleting /Users/guymatthews/Documents/DSI/DemoUI/ui/target
[INFO] 
[INFO] --- maven-resources-plugin:2.6:resources (default-resources) @ ui ---
[INFO] Using 'UTF-8' encoding to copy filtered resources.
[INFO] skip non existing resourceDirectory /Users/guymatthews/Documents/DSI/DemoUI/ui/src/main/resources
[INFO] 
[INFO] --- maven-compiler-plugin:2.3.2:compile (default-compile) @ ui ---
[INFO] No sources to compile
[INFO] 
[INFO] --- maven-resources-plugin:2.6:testResources (default-testResources) @ ui ---
[INFO] Not copying test resources
[INFO] 
[INFO] --- maven-compiler-plugin:2.3.2:testCompile (default-testCompile) @ ui ---
[INFO] Not compiling test sources
[INFO] 
[INFO] --- maven-surefire-plugin:2.19.1:test (default-test) @ ui ---
[INFO] Tests are skipped.
[INFO] 
[INFO] --- maven-war-plugin:3.0.0:war (default-war) @ ui ---
[INFO] Packaging webapp
[INFO] Assembling webapp [ui] in [/Users/guymatthews/Documents/DSI/DemoUI/ui/target/ui-1.8.4-SNAPSHOT]
[INFO] Processing war project
[INFO] Copying webapp webResources [/Users/guymatthews/Documents/DSI/DemoUI/ui/dependencies] to [/Users/guymatthews/Documents/DSI/DemoUI/ui/target/ui-1.8.4-SNAPSHOT]
[INFO] Copying webapp webResources [/Users/guymatthews/Documents/DSI/DemoUI/ui/example/road-traffic] to [/Users/guymatthews/Documents/DSI/DemoUI/ui/target/ui-1.8.4-SNAPSHOT]
[INFO] Copying webapp resources [/Users/guymatthews/Documents/DSI/DemoUI/ui/src/main/webapp]
[INFO] Webapp assembled in [6665 msecs]
[INFO] Building war: /Users/guymatthews/Documents/DSI/DemoUI/ui/target/ui-1.8.4-SNAPSHOT.war
[INFO] 
[INFO] --- maven-jar-plugin:2.4:test-jar (default) @ ui ---
[INFO] Skipping packaging of the test-jar
[INFO] 
[INFO] --- maven-failsafe-plugin:2.18.1:integration-test (integration-test) @ ui ---
[INFO] Tests are skipped.
[INFO] 
[INFO] --- jasmine-maven-plugin:2.2:test (default) @ ui ---
[INFO] Skipping Jasmine Specs
[INFO] 
[INFO] >>> tomcat7-maven-plugin:2.0:run-war (deploy) > package @ ui >>>
[INFO] 
[INFO] --- maven-resources-plugin:2.6:resources (default-resources) @ ui ---
[INFO] Using 'UTF-8' encoding to copy filtered resources.
[INFO] skip non existing resourceDirectory /Users/guymatthews/Documents/DSI/DemoUI/ui/src/main/resources
[INFO] 
[INFO] --- maven-compiler-plugin:2.3.2:compile (default-compile) @ ui ---
[INFO] No sources to compile
[INFO] 
[INFO] --- maven-resources-plugin:2.6:testResources (default-testResources) @ ui ---
[INFO] Not copying test resources
[INFO] 
[INFO] --- maven-compiler-plugin:2.3.2:testCompile (default-testCompile) @ ui ---
[INFO] Not compiling test sources
[INFO] 
[INFO] --- maven-surefire-plugin:2.19.1:test (default-test) @ ui ---
[INFO] Tests are skipped.
[INFO] 
[INFO] --- maven-war-plugin:3.0.0:war (default-war) @ ui ---
[INFO] Packaging webapp
[INFO] Assembling webapp [ui] in [/Users/guymatthews/Documents/DSI/DemoUI/ui/target/ui-1.8.4-SNAPSHOT]
[INFO] Processing war project
[INFO] Copying webapp webResources [/Users/guymatthews/Documents/DSI/DemoUI/ui/dependencies] to [/Users/guymatthews/Documents/DSI/DemoUI/ui/target/ui-1.8.4-SNAPSHOT]
[INFO] Copying webapp webResources [/Users/guymatthews/Documents/DSI/DemoUI/ui/example/road-traffic] to [/Users/guymatthews/Documents/DSI/DemoUI/ui/target/ui-1.8.4-SNAPSHOT]
[INFO] Copying webapp resources [/Users/guymatthews/Documents/DSI/DemoUI/ui/src/main/webapp]
[INFO] Webapp assembled in [1478 msecs]
[INFO] Building war: /Users/guymatthews/Documents/DSI/DemoUI/ui/target/ui-1.8.4-SNAPSHOT.war
[INFO] 
[INFO] --- maven-jar-plugin:2.4:test-jar (default) @ ui ---
[INFO] Skipping packaging of the test-jar
[INFO] 
[INFO] <<< tomcat7-maven-plugin:2.0:run-war (deploy) < package @ ui <<<
[INFO] 
[INFO] 
[INFO] --- tomcat7-maven-plugin:2.0:run-war (deploy) @ ui ---
[INFO] Running war on http://localhost:8080/
[INFO] Creating Tomcat server configuration at /Users/guymatthews/Documents/DSI/DemoUI/ui/target/tomcat
[INFO] setting SystemProperties:
[INFO]  gaffer.error-mode.debug=false
[INFO]  gaffer.graph.config=/Users/guymatthews/Documents/DSI/DemoUI/ui/example/road-traffic/graphConfig.json
[INFO]  gaffer.graph.hook.add.operations.path=/Users/guymatthews/Documents/DSI/DemoUI/ui/example/road-traffic/addOperationsToChain.json
[INFO]  gaffer.properties.app.description=Example using road traffic data.
                                    The sample data used is taken from the
                                    Department for Transport
                                    <a
                                    href='http://data.dft.gov.uk/gb-traffic-matrix/Raw_count_data_major_roads.zip'
                                    >GB Road Traffic Counts</a>,
                                    which is licensed under the
                                    <a
                                    href='http://www.nationalarchives.gov.uk/doc/open-government-licence/version/3'
                                    >Open Government Licence</a>.
[INFO]  gaffer.properties.app.logo.src=images/logo.png
[INFO]  gaffer.properties.app.title=Road Traffic Example
[INFO]  gaffer.rest-api.basePath=rest
[INFO]  gaffer.schemas=/Users/guymatthews/Documents/DSI/DemoUI/ui/example/road-traffic/schema
[INFO]  gaffer.storeProperties=/Users/guymatthews/Documents/DSI/DemoUI/ui/example/road-traffic/accumulo/store.properties
[INFO]  roadTraffic.dataLoader.dataPath=/Users/guymatthews/Documents/DSI/DemoUI/ui/example/road-traffic/roadTrafficSampleData.csv
[INFO] create webapp with contextPath: 
[INFO] Deploying dependency wars
[INFO] Deploy warfile: /Users/guymatthews/Documents/DSI/DemoUI/ui/target/ui-1.8.4-SNAPSHOT.war to contextPath: /ui
[INFO] Deploy warfile: /Users/guymatthews/.m2/repository/uk/gov/gchq/gaffer/road-traffic-rest/1.8.3/road-traffic-rest-1.8.3.war to contextPath: /rest
Apr 11, 2019 2:29:20 PM org.apache.coyote.AbstractProtocol init
INFO: Initializing ProtocolHandler ["http-bio-8080"]
Apr 11, 2019 2:29:20 PM org.apache.catalina.core.StandardService startInternal
INFO: Starting service Tomcat
Apr 11, 2019 2:29:20 PM org.apache.catalina.core.StandardEngine startInternal
INFO: Starting Servlet Engine: Apache Tomcat/7.0.30
Apr 11, 2019 2:29:26 PM org.apache.catalina.loader.WebappClassLoader validateJarFile
INFO: validateJarFile(/Users/guymatthews/Documents/DSI/DemoUI/ui/target/tomcat/webapps/road-traffic-rest/WEB-INF/lib/jsp-api-2.1.jar) - jar not loaded. See Servlet Spec 2.3, section 9.7.2. Offending class: javax/el/Expression.class
Apr 11, 2019 2:29:46 PM uk.gov.gchq.gaffer.traffic.listeners.DataLoader loadData
INFO: Loading data
Apr 11, 2019 2:29:52 PM uk.gov.gchq.gaffer.traffic.listeners.DataLoader loadData
INFO: Sample data has been loaded
Apr 11, 2019 2:29:54 PM org.apache.coyote.AbstractProtocol start
INFO: Starting ProtocolHandler ["http-bio-8080"]
